0 info it worked if it ends with ok
1 verbose cli [ '/Users/philipfoo/.nvm/versions/node/v5.3.0/bin/node',
1 verbose cli   '/Users/philipfoo/.nvm/versions/node/v5.3.0/bin/npm',
1 verbose cli   'i' ]
2 info using npm@2.14.15
3 info using node@v5.3.0
4 verbose readDependencies loading dependencies from /Users/philipfoo/Documents/cowtan/package.json
5 error install Couldn't read dependencies
6 verbose stack Error: ENOENT: no such file or directory, open '/Users/philipfoo/Documents/cowtan/package.json'
6 verbose stack     at Error (native)
7 verbose cwd /Users/philipfoo/Documents/cowtan
8 error Darwin 15.0.0
9 error argv "/Users/philipfoo/.nvm/versions/node/v5.3.0/bin/node" "/Users/philipfoo/.nvm/versions/node/v5.3.0/bin/npm" "i"
10 error node v5.3.0
11 error npm  v2.14.15
12 error path /Users/philipfoo/Documents/cowtan/package.json
13 error code ENOPACKAGEJSON
14 error errno -2
15 error syscall open
16 error package.json ENOENT: no such file or directory, open '/Users/philipfoo/Documents/cowtan/package.json'
16 error package.json This is most likely not a problem with npm itself.
16 error package.json npm can't find a package.json file in your current directory.
17 verbose exit [ -2, true ]
